Ran the script at Fri Mar  3 04:54:26 AEDT 2017.
Ran the script at Fri Mar  3 04:58:49 AEDT 2017.
Ran the script at Fri Mar  3 05:02:20 AEDT 2017.
Ran the script at Sat Mar  4 16:21:14 AEDT 2017.
Ran the script at Sun Mar  5 16:13:45 AEDT 2017.
Ran the script at Mon Mar  6 04:39:53 AEDT 2017.
Ran the script at Sun Mar 12 17:47:08 AEDT 2017.
Ran the script at Sun 12 Mar 2017 22:19:32 AEDT.
Ran the script at Sun 12 Mar 2017 22:20:34 AEDT.
Ran the script at Sat 18 Mar 2017 17:10:10 AEDT.
Ran the script at Sun 19 Mar 2017 12:13:36 AEDT.
Ran the script at Fri 31 Mar 2017 14:37:53 AEDT.
Ran the script at Sat  1 Apr 2017 23:22:21 AEDT.
Ran the script at Sun  2 Apr 2017 01:03:48 AEDT.
Ran the script at Sun  2 Apr 2017 20:45:30 AEST.
Ran the script at Tue  4 Apr 2017 19:16:36 AEST.
Ran the script at Tue Apr  4 19:29:40 AEST 2017.
Ran the script at Tue Apr  4 19:32:42 AEST 2017.
Ran the script at Sat  8 Apr 2017 11:11:23 AEST.
Ran the script at Sun Apr  9 02:00:00 AEST 2017.
Ran the script at Mon Apr 10 02:00:00 AEST 2017.
Ran the script at Tue Apr 11 02:00:00 AEST 2017.
Ran the script at Wed Apr 12 02:00:01 AEST 2017.
Ran the script at Thu Apr 13 02:00:00 AEST 2017.
Ran the script at Sat 15 Apr 2017 18:22:40 AEST.
Ran the script at Sun 16 Apr 2017 21:53:54 AEST.
Ran the script at Wed Apr 19 02:00:00 AEST 2017.
Ran the script at Fri Apr 21 02:00:01 AEST 2017.
Ran the script at Sat Apr 22 02:00:00 AEST 2017.
Ran the script at Sun Apr 23 02:00:00 AEST 2017.
Ran the script at Mon Apr 24 02:00:00 AEST 2017.
Ran the script at Tue 25 Apr 2017 00:13:20 AEST.
Ran the script at Tue Apr 25 02:00:00 AEST 2017.
Ran the script at Wed Apr 26 02:00:01 AEST 2017.
Ran the script at Thu Apr 27 02:00:00 AEST 2017.
Ran the script at Fri Apr 28 02:00:00 AEST 2017.
Ran the script at Sat Apr 29 02:00:00 AEST 2017.
Ran the script at Sun Apr 30 02:00:00 AEST 2017.
Ran the script at Sun 30 Apr 2017 13:07:01 AEST.
Ran the script at Mon May  1 02:00:00 AEST 2017.
Ran the script at Tue May  2 02:00:00 AEST 2017.
Ran the script at Wed May  3 02:00:01 AEST 2017.
Ran the script at Thu May  4 02:00:00 AEST 2017.
Ran the script at Fri May  5 02:00:00 AEST 2017.
Ran the script at Sat May  6 02:00:00 AEST 2017.
Ran the script at Sun May  7 02:00:00 AEST 2017.
Ran the script at Mon May  8 02:00:00 AEST 2017.
Ran the script at Tue May  9 02:00:00 AEST 2017.
Ran the script at Wed May 10 02:00:00 AEST 2017.
Ran the script at Sat May 13 02:00:00 AEST 2017.
Ran the script at Sun May 14 02:00:01 AEST 2017.
Ran the script at Mon May 15 02:00:00 AEST 2017.
Ran the script at Tue May 16 02:00:00 AEST 2017.
Ran the script at Wed May 17 02:00:00 AEST 2017.
Ran the script at Thu May 18 02:00:00 AEST 2017.
Ran the script at Fri May 19 02:00:00 AEST 2017.
Ran the script at Mon May 22 02:00:00 AEST 2017.
Ran the script at Mon 22 May 2017 20:37:18 AEST.
Ran the script at Tue May 23 02:00:00 AEST 2017.
Ran the script at Wed May 24 02:00:00 AEST 2017.
Ran the script at Thu May 25 02:00:00 AEST 2017.
Ran the script at Sat Jun 10 02:00:00 AEST 2017.
Ran the script at Sun 11 Jun 2017 15:30:33 AEST.
Ran the script at Mon Jun 12 02:00:00 AEST 2017.
Ran the script at Mon 12 Jun 2017 12:21:27 AEST.
Ran the script at Tue Jun 13 02:00:00 AEST 2017.
Ran the script at Wed Jun 14 02:00:00 AEST 2017.
Ran the script at Thu Jun 15 02:00:01 AEST 2017.
Ran the script at Sat 17 Jun 2017 18:24:38 AEST.
Ran the script at Sun 18 Jun 2017 11:51:28 AEST.
Ran the script at Mon Jun 19 02:00:00 AEST 2017.
Ran the script at Tue Jun 20 02:00:00 AEST 2017.
Ran the script at Wed Jun 21 02:00:00 AEST 2017.
Ran the script at Thu Jun 22 02:00:01 AEST 2017.
Ran the script at Fri Jun 23 02:00:01 AEST 2017.
Ran the script at Sat Jun 24 02:00:00 AEST 2017.
Ran the script at Sun Jun 25 02:00:00 AEST 2017.
Ran the script at Mon Jun 26 02:00:00 AEST 2017.
Ran the script at Tue Jun 27 02:00:00 AEST 2017.
Ran the script at Wed Jun 28 02:00:00 AEST 2017.
Ran the script at Thu Jun 29 02:00:00 AEST 2017.
Ran the script at Fri Jun 30 02:00:01 AEST 2017.
Ran the script at Sat Jul  1 02:00:01 AEST 2017.
Ran the script at Sat  1 Jul 2017 15:04:00 AEST.
Ran the script at Sun Jul  2 02:00:00 AEST 2017.
Ran the script at Sun  2 Jul 2017 17:06:58 AEST.
Ran the script at Mon Jul  3 02:00:00 AEST 2017.
Ran the script at Tue Jul  4 02:00:00 AEST 2017.
Ran the script at Wed Jul  5 02:00:00 AEST 2017.
Ran the script at Fri Jul  7 02:00:00 AEST 2017.
Ran the script at Sat Jul  8 02:00:01 AEST 2017.
Ran the script at Sun Jul  9 02:00:01 AEST 2017.
Ran the script at Mon Jul 10 02:00:00 AEST 2017.
Ran the script at Tue Jul 11 02:00:01 AEST 2017.
Ran the script at Wed Jul 12 02:00:00 AEST 2017.
Ran the script at Thu Jul 13 02:00:00 AEST 2017.
Ran the script at Fri Jul 14 02:00:00 AEST 2017.
Ran the script at Sat Jul 15 02:00:01 AEST 2017.
Ran the script at Sun Jul 16 02:00:00 AEST 2017.
Ran the script at Mon Jul 17 02:00:01 AEST 2017.
Ran the script at Tue Jul 18 02:00:01 AEST 2017.
Ran the script at Sat 22 Jul 2017 23:31:20 AEST.
Ran the script at Sun Jul 23 02:00:00 AEST 2017.
Ran the script at Mon Jul 24 02:00:00 AEST 2017.
Ran the script at Tue Jul 25 02:00:00 AEST 2017.
Ran the script at Thu Jul 27 02:00:00 AEST 2017.
Ran the script at Fri Jul 28 02:00:00 AEST 2017.
Ran the script at Sat Jul 29 02:00:00 AEST 2017.
Ran the script at Sun Jul 30 02:00:00 AEST 2017.
Ran the script at Mon Jul 31 02:00:01 AEST 2017.
Ran the script at Tue Aug  1 02:00:00 AEST 2017.
Ran the script at Wed Aug  2 02:00:00 AEST 2017.
Ran the script at Thu Aug  3 02:00:00 AEST 2017.
Ran the script at Fri Aug  4 02:00:00 AEST 2017.
Ran the script at Sat Aug  5 02:00:00 AEST 2017.
Ran the script at Sat  5 Aug 2017 21:05:19 AEST.
Ran the script at Sat  5 Aug 2017 21:05:48 AEST.
Ran the script at Sun  6 Aug 2017 01:23:29 AEST.
Ran the script at Sun Aug  6 02:00:00 AEST 2017.
Ran the script at Mon Aug  7 02:00:00 AEST 2017.
Ran the script at Tue Aug  8 02:00:00 AEST 2017.
Ran the script at Wed Aug  9 02:00:00 AEST 2017.
Ran the script at Thu Aug 10 02:00:00 AEST 2017.
Ran the script at Fri Aug 11 02:00:01 AEST 2017.
Ran the script at Sat Aug 12 02:00:00 AEST 2017.
Ran the script at Sat 12 Aug 2017 10:44:16 AEST.
Ran the script at Sun Aug 13 02:00:00 AEST 2017.
Ran the script at Mon Aug 14 02:00:00 AEST 2017.
Ran the script at Tue Aug 15 02:00:01 AEST 2017.
Ran the script at Wed Aug 16 02:00:01 AEST 2017.
Ran the script at Thu Aug 17 02:00:00 AEST 2017.
Ran the script at Fri Aug 18 02:00:00 AEST 2017.
Ran the script at Sat Aug 19 02:00:00 AEST 2017.
Ran the script at Sun Aug 20 02:00:01 AEST 2017.
Ran the script at Mon Aug 21 02:00:00 AEST 2017.
Ran the script at Wed Aug 23 02:00:00 AEST 2017.
Ran the script at Thu Aug 24 02:00:00 AEST 2017.
Ran the script at Fri Aug 25 02:00:01 AEST 2017.
Ran the script at Sat Aug 26 02:00:01 AEST 2017.
Ran the script at Sun Aug 27 02:00:00 AEST 2017.
Ran the script at Mon Aug 28 02:00:00 AEST 2017.
Ran the script at Tue Aug 29 02:00:00 AEST 2017.
Ran the script at Wed Aug 30 02:00:00 AEST 2017.
Ran the script at Sat Sep  2 02:00:00 AEST 2017.
Ran the script at Sun Sep 10 02:00:00 AEST 2017.
Ran the script at Sat 23 Sep 2017 14:15:47 AEST.
Ran the script at Sun  1 Oct 2017 03:20:22 AEDT.
Ran the script at Mon Oct  2 02:00:00 AEDT 2017.
Ran the script at Tue Oct  3 02:00:01 AEDT 2017.
Ran the script at Wed Oct  4 02:00:00 AEDT 2017.
Ran the script at Thu Oct  5 02:00:00 AEDT 2017.
Ran the script at Fri Oct  6 02:00:00 AEDT 2017.
Ran the script at Sat Oct  7 02:00:00 AEDT 2017.
Ran the script at Sun Oct  8 02:00:01 AEDT 2017.
Ran the script at Wed Oct 11 02:00:00 AEDT 2017.
Ran the script at Thu Oct 12 02:00:00 AEDT 2017.
Ran the script at Fri Oct 13 02:00:00 AEDT 2017.
Ran the script at Sat Oct 14 02:00:00 AEDT 2017.
Ran the script at Sun Oct 15 02:00:00 AEDT 2017.
Ran the script at Sun 15 Oct 2017 22:30:45 AEDT.
Ran the script at Mon Oct 16 02:00:01 AEDT 2017.
Ran the script at Tue Oct 17 02:00:01 AEDT 2017.
Ran the script at Wed Oct 18 02:00:00 AEDT 2017.
Ran the script at Thu Oct 19 02:00:00 AEDT 2017.
Ran the script at Fri Oct 20 02:00:00 AEDT 2017.
Ran the script at Sat Oct 21 02:00:00 AEDT 2017.
Ran the script at Sat 21 Oct 2017 15:34:53 AEDT.
Ran the script at Sun Oct 22 02:00:00 AEDT 2017.
Ran the script at Mon Oct 23 02:00:00 AEDT 2017.
Ran the script at Tue Oct 24 02:00:01 AEDT 2017.
Ran the script at Wed Oct 25 02:00:00 AEDT 2017.
Ran the script at Thu Oct 26 02:00:00 AEDT 2017.
Ran the script at Fri Oct 27 02:00:00 AEDT 2017.
Ran the script at Sat Oct 28 02:00:00 AEDT 2017.
Ran the script at Sun Oct 29 02:00:00 AEDT 2017.
Ran the script at Mon Oct 30 02:00:00 AEDT 2017.
Ran the script at Tue Oct 31 02:00:00 AEDT 2017.
Ran the script at Wed Nov  1 02:00:00 AEDT 2017.
Ran the script at Thu Nov  2 02:00:00 AEDT 2017.
Ran the script at Fri Nov  3 02:00:00 AEDT 2017.
Ran the script at Sat Nov  4 02:00:00 AEDT 2017.
Ran the script at Sun Nov  5 02:00:01 AEDT 2017.
Ran the script at Sun  5 Nov 2017 15:55:41 AEDT.
Ran the script at Sun 12 Nov 2017 18:51:52 AEDT.
Ran the script at Sun 19 Nov 2017 20:55:55 AEDT.
Ran the script at Mon Nov 20 02:00:01 AEDT 2017.
Ran the script at Mon 20 Nov 2017 11:20:54 AEDT.
Ran the script at Mon 20 Nov 2017 11:24:28 AEDT.
Ran the script at Mon 20 Nov 2017 11:41:54 AEDT.
Ran the script at Mon 20 Nov 2017 11:46:07 AEDT.
Ran the script at Mon 20 Nov 2017 11:46:34 AEDT.
Ran the script at Tue Nov 21 02:00:00 AEDT 2017.
Ran the script at Wed Nov 22 02:00:00 AEDT 2017.
Ran the script at Thu Nov 23 02:00:00 AEDT 2017.
Ran the script at Fri Nov 24 02:00:00 AEDT 2017.
Ran the script at Sat Nov 25 02:00:00 AEDT 2017.
Ran the script at Sun Nov 26 02:00:01 AEDT 2017.
Ran the script at Mon Nov 27 02:00:01 AEDT 2017.
Ran the script at Tue Nov 28 02:00:00 AEDT 2017.
Ran the script at Wed Nov 29 02:00:00 AEDT 2017.
Ran the script at Thu Nov 30 02:00:00 AEDT 2017.
